<?xml version="1.0" encoding="UTF-8"?>
<!-- Generated by org.testng.reporters.JUnitReportReporter -->
<testsuite skipped="0" hostname="UKL60YBN32" name="stepDefinitions.Tours_HomePg_StepDef" tests="1" failures="0" timestamp="04 Apr 2019 18:18:10 GMT" time="10.423" errors="0">
  <testcase name="launchToursPage" time="10.423" classname="stepDefinitions.Tours_HomePg_StepDef"/>
</testsuite> <!-- stepDefinitions.Tours_HomePg_StepDef -->
